<?xml version="1.0" encoding="UTF-8"?>
<!-- Generated by org.testng.reporters.JUnitXMLReporter -->
<testsuite hostname="CBT-MH-000" ignored="0" name="Test" tests="5" failures="0" timestamp="30 Oct 2019 12:52:48 GMT" time="114.516" errors="0">
  <testcase name="registration" time="16.061" classname="Automation1.PHPTravels.TestRegistration"/>
  <testcase name="login" time="12.839" classname="Automation1.PHPTravels.TestLogin"/>
  <testcase name="flightSearch" time="28.688" classname="Automation1.PHPTravels.TestFlightSearch"/>
  <testcase name="ToursSearch" time="24.871" classname="Automation1.PHPTravels.TestToursSearch"/>
  <testcase name="hotelSerch" time="31.992" classname="Automation1.PHPTravels.TestHotelsSearch"/>
</testsuite> <!-- Test -->
